# JRE version: Java(TM) SE Runtime Environment (21.0.5+9) (build 21.0.5+9-LTS-239)
# Java VM: Java HotSpot(TM) 64-Bit Server VM (21.0.5+9-LTS-239, mixed mode, sharing, tiered, compressed oops, compressed class ptrs, g1 gc, windows-amd64)
GC Precious Log:
 CardTable entry size: 512
 Card Set container configuration: InlinePtr #cards 5 size 8 Array Of Cards #cards 12 size 40 Howl #buckets 4 coarsen threshold 1843 Howl Bitmap #cards 512 size 80 coarsen threshold 460 Card regions per heap region 1 cards per card region 2048
 CPUs: 4 total, 4 available
 Memory: 4011M
 Large Page Support: Disabled
 NUMA Support: Disabled
 Compressed Oops: Enabled (32-bit)
 Heap Region Size: 1M
 Heap Min Capacity: 8M
 Heap Initial Capacity: 64M
 Heap Max Capacity: 1004M
 Pre-touch: Disabled
 Parallel Workers: 4
 Concurrent Workers: 1
 Concurrent Refinement Workers: 4
 Periodic GC: Disabled
Heap:
 garbage-first heap   total 490496K, used 296808K [0x00000000c1400000, 0x0000000100000000)
  region size 1024K, 2 young (2048K), 1 survivors (1024K)
 Metaspace       used 26284K, committed 26624K, reserved 1114112K
  class space    used 3509K, committed 3648K, reserved 1048576K
GC Heap History (20 events):
Event: 48.037 GC heap before
{Heap before GC invocations=11 (full 0):
 garbage-first heap   total 158720K, used 102434K [0x00000000c1400000, 0x0000000100000000)
  region size 1024K, 4 young (4096K), 1 survivors (1024K)
 Metaspace       used 26284K, committed 26624K, reserved 1114112K
  class space    used 3509K, committed 3648K, reserved 1048576K
}
Event: 48.038 GC heap after
{Heap after GC invocations=12 (full 0):
 garbage-first heap   total 158720K, used 100205K [0x00000000c1400000, 0x0000000100000000)
  region size 1024K, 1 young (1024K), 1 survivors (1024K)
 Metaspace       used 26284K, committed 26624K, reserved 1114112K
  class space    used 3509K, committed 3648K, reserved 1048576K
}
Event: 48.172 GC heap before
{Heap before GC invocations=12 (full 0):
 garbage-first heap   total 179200K, used 177005K [0x00000000c1400000, 0x0000000100000000)
  region size 1024K, 11 young (11264K), 1 survivors (1024K)
 Metaspace       used 26284K, committed 26624K, reserved 1114112K
  class space    used 3509K, committed 3648K, reserved 1048576K
}
Event: 48.174 GC heap after
{Heap after GC invocations=13 (full 0):
 garbage-first heap   total 181248K, used 167535K [0x00000000c1400000, 0x0000000100000000)
  region size 1024K, 1 young (1024K), 1 survivors (1024K)
 Metaspace       used 26284K, committed 26624K, reserved 1114112K
  class space    used 3509K, committed 3648K, reserved 1048576K
}
Event: 48.177 GC heap before
{Heap before GC invocations=13 (full 0):
 garbage-first heap   total 181248K, used 167535K [0x00000000c1400000, 0x0000000100000000)
  region size 1024K, 2 young (2048K), 1 survivors (1024K)
 Metaspace       used 26284K, committed 26624K, reserved 1114112K
  class space    used 3509K, committed 3648K, reserved 1048576K
}
Event: 48.178 GC heap after
{Heap after GC invocations=14 (full 0):
 garbage-first heap   total 181248K, used 167789K [0x00000000c1400000, 0x0000000100000000)
  region size 1024K, 1 young (1024K), 1 survivors (1024K)
 Metaspace       used 26284K, committed 26624K, reserved 1114112K
  class space    used 3509K, committed 3648K, reserved 1048576K
}
Event: 48.240 GC heap before
{Heap before GC invocations=15 (full 0):
 garbage-first heap   total 317440K, used 194413K [0x00000000c1400000, 0x0000000100000000)
  region size 1024K, 5 young (5120K), 1 survivors (1024K)
 Metaspace       used 26284K, committed 26624K, reserved 1114112K
  class space    used 3509K, committed 3648K, reserved 1048576K
}
Event: 48.241 GC heap after
{Heap after GC invocations=16 (full 0):
 garbage-first heap   total 317440K, used 192366K [0x00000000c1400000, 0x0000000100000000)
  region size 1024K, 1 young (1024K), 1 survivors (1024K)
 Metaspace       used 26284K, committed 26624K, reserved 1114112K
  class space    used 3509K, committed 3648K, reserved 1048576K
}
Event: 48.300 GC heap before
{Heap before GC invocations=17 (full 0):
 garbage-first heap   total 358400K, used 218990K [0x00000000c1400000, 0x0000000100000000)
  region size 1024K, 5 young (5120K), 1 survivors (1024K)
 Metaspace       used 26284K, committed 26624K, reserved 1114112K
  class space    used 3509K, committed 3648K, reserved 1048576K
}
Event: 48.302 GC heap after
{Heap after GC invocations=18 (full 0):
 garbage-first heap   total 358400K, used 216915K [0x00000000c1400000, 0x0000000100000000)
  region size 1024K, 1 young (1024K), 1 survivors (1024K)
 Metaspace       used 26284K, committed 26624K, reserved 1114112K
  class space    used 3509K, committed 3648K, reserved 1048576K
}
Event: 48.370 GC heap before
{Heap before GC invocations=19 (full 0):
 garbage-first heap   total 399360K, used 245587K [0x00000000c1400000, 0x0000000100000000)
  region size 1024K, 5 young (5120K), 1 survivors (1024K)
 Metaspace       used 26284K, committed 26624K, reserved 1114112K
  class space    used 3509K, committed 3648K, reserved 1048576K
}
Event: 48.372 GC heap after
{Heap after GC invocations=20 (full 0):
 garbage-first heap   total 399360K, used 243546K [0x00000000c1400000, 0x0000000100000000)
  region size 1024K, 1 young (1024K), 1 survivors (1024K)
 Metaspace       used 26284K, committed 26624K, reserved 1114112K
  class space    used 3509K, committed 3648K, reserved 1048576K
}
Event: 48.435 GC heap before
{Heap before GC invocations=21 (full 0):
 garbage-first heap   total 447488K, used 268122K [0x00000000c1400000, 0x0000000100000000)
  region size 1024K, 4 young (4096K), 1 survivors (1024K)
 Metaspace       used 26284K, committed 26624K, reserved 1114112K
  class space    used 3509K, committed 3648K, reserved 1048576K
}
Event: 48.436 GC heap after
{Heap after GC invocations=22 (full 0):
 garbage-first heap   total 447488K, used 266066K [0x00000000c1400000, 0x0000000100000000)
  region size 1024K, 1 young (1024K), 1 survivors (1024K)
 Metaspace       used 26284K, committed 26624K, reserved 1114112K
  class space    used 3509K, committed 3648K, reserved 1048576K
}
Event: 48.532 GC heap before
{Heap before GC invocations=23 (full 0):
 garbage-first heap   total 457728K, used 275282K [0x00000000c1400000, 0x0000000100000000)
  region size 1024K, 3 young (3072K), 1 survivors (1024K)
 Metaspace       used 26284K, committed 26624K, reserved 1114112K
  class space    used 3509K, committed 3648K, reserved 1048576K
}
Event: 48.535 GC heap after
{Heap after GC invocations=24 (full 0):
 garbage-first heap   total 457728K, used 274270K [0x00000000c1400000, 0x0000000100000000)
  region size 1024K, 1 young (1024K), 1 survivors (1024K)
 Metaspace       used 26284K, committed 26624K, reserved 1114112K
  class space    used 3509K, committed 3648K, reserved 1048576K
}
Event: 48.621 GC heap before
{Heap before GC invocations=25 (full 0):
 garbage-first heap   total 467968K, used 280414K [0x00000000c1400000, 0x0000000100000000)
  region size 1024K, 2 young (2048K), 1 survivors (1024K)
 Metaspace       used 26284K, committed 26624K, reserved 1114112K
  class space    used 3509K, committed 3648K, reserved 1048576K
}
Event: 48.624 GC heap after
{Heap after GC invocations=26 (full 0):
 garbage-first heap   total 490496K, used 280390K [0x00000000c1400000, 0x0000000100000000)
  region size 1024K, 1 young (1024K), 1 survivors (1024K)
 Metaspace       used 26284K, committed 26624K, reserved 1114112K
  class space    used 3509K, committed 3648K, reserved 1048576K
}
Event: 48.694 GC heap before
{Heap before GC invocations=27 (full 0):
 garbage-first heap   total 490496K, used 293702K [0x00000000c1400000, 0x0000000100000000)
  region size 1024K, 3 young (3072K), 1 survivors (1024K)
 Metaspace       used 26284K, committed 26624K, reserved 1114112K
  class space    used 3509K, committed 3648K, reserved 1048576K
}
Event: 48.696 GC heap after
{Heap after GC invocations=28 (full 0):
 garbage-first heap   total 490496K, used 292712K [0x00000000c1400000, 0x0000000100000000)
  region size 1024K, 1 young (1024K), 1 survivors (1024K)
 Metaspace       used 26284K, committed 26624K, reserved 1114112K
  class space    used 3509K, committed 3648K, reserved 1048576K
}

